<?xml version="1.0" encoding="UTF-8"?>
<!-- Generated by org.testng.reporters.JUnitReportReporter -->
<testsuite name="com.eqtest.testcases.WriteHotelReviewTest" tests="1" time="158.727" ignored="0" failures="0" timestamp="29 Feb 2020 12:27:58 GMT" skipped="0" hostname="manasa-PC" errors="0">
  <testcase name="writeReview" time="158.727" classname="com.eqtest.testcases.WriteHotelReviewTest"/>
</testsuite> <!-- com.eqtest.testcases.WriteHotelReviewTest -->
