<?xml version="1.0" encoding="UTF-8"?>
<!-- Generated by org.testng.reporters.JUnitReportReporter -->
<testsuite name="com.eqtest.testcases.ComparePhonePriceTest" tests="1" time="39.900" ignored="0" failures="0" timestamp="26 Feb 2020 11:04:28 GMT" skipped="0" hostname="manasa-PC" errors="0">
  <testcase name="phoneCompare" time="39.900" classname="com.eqtest.testcases.ComparePhonePriceTest"/>
</testsuite> <!-- com.eqtest.testcases.ComparePhonePriceTest -->
