<?xml version="1.0" encoding="UTF-8"?>
<!-- Generated by org.testng.reporters.JUnitReportReporter -->
<testsuite name="com.eqtest.testcases.BrowseApp" tests="1" time="6.416" ignored="0" failures="0" timestamp="25 Feb 2020 13:49:18 GMT" skipped="0" hostname="manasa-PC" errors="0">
  <testcase name="loginApp" time="6.416" classname="com.eqtest.testcases.BrowseApp"/>
</testsuite> <!-- com.eqtest.testcases.BrowseApp -->
